<?xml version="1.0" encoding="UTF-8"?>
<beans xmlns="http://www.springframework.org/schema/beans"
	xmlns:xsi="http://www.w3.org/2001/XMLSchema-instance"
	xmlns:jdbc="http://www.springframework.org/schema/jdbc"
	xsi:schemaLocation="http://www.springframework.org/schema/jdbc http://www.springframework.org/schema/jdbc/spring-jdbc-3.1.xsd
		http://www.springframework.org/schema/beans http://www.springframework.org/schema/beans/spring-beans.xsd">

	<import resource="app-context.xml"/>
	
	<bean id="bookBatchProcessor" class="ie.cit.patrick.service.impl.BookBatchProcessor">
		<constructor-arg name="fileLocation" value="src/test/resources/memberbatchFile"/>
		<constructor-arg name="delineator" value="~"/>	
	</bean>
	
	<bean id="memberBatchProcessor" class="ie.cit.patrick.service.impl.MemberBatchProcessor">
		<constructor-arg name="fileLocation" value="src/test/resources/bookbatchFile"/>
		<constructor-arg name="delineator" value="~"/>	
	</bean>

	<jdbc:embedded-database id="dataSource">
		<jdbc:script location="classpath:ie/cit/patrick/schema.sql"/>
		<jdbc:script location="classpath:ie/cit/patrick/test-data.sql"/>
	</jdbc:embedded-database>

</beans>
